<?xml version="1.0" encoding="UTF-8"?>
<testsuite xmlns:xsi="http://www.w3.org/2001/XMLSchema-instance" xsi:noNamespaceSchemaLocation="https://maven.apache.org/surefire/maven-surefire-plugin/xsd/surefire-test-report.xsd" name="com.he.boot.Boot05WebApplicationTests" time="3.612" tests="1" errors="0" skipped="0" failures="0">
  <properties>
    <property name="sun.desktop" value="windows"/>
    <property name="awt.toolkit" value="sun.awt.windows.WToolkit"/>
    <property name="file.encoding.pkg" value="sun.io"/>
    <property name="java.specification.version" value="1.8"/>
    <property name="sun.cpu.isalist" value="amd64"/>
    <property name="sun.jnu.encoding" value="GBK"/>
    <property name="java.class.path" value="D:\IDEA\workspace\springBoot\boot-05-web\target\test-classes;D:\IDEA\workspace\springBoot\boot-05-web\target\classes;D:\Program Files\maven-repository\repository\org\springframework\boot\spring-boot-starter-web\2.7.5\spring-boot-starter-web-2.7.5.jar;D:\Program Files\maven-repository\repository\org\springframework\boot\spring-boot-starter\2.7.5\spring-boot-starter-2.7.5.jar;D:\Program Files\maven-repository\repository\org\springframework\boot\spring-boot-starter-logging\2.7.5\spring-boot-starter-logging-2.7.5.jar;D:\Program Files\maven-repository\repository\ch\qos\logback\logback-classic\1.2.11\logback-classic-1.2.11.jar;D:\Program Files\maven-repository\repository\ch\qos\logback\logback-core\1.2.11\logback-core-1.2.11.jar;D:\Program Files\maven-repository\repository\org\apache\logging\log4j\log4j-to-slf4j\2.17.2\log4j-to-slf4j-2.17.2.jar;D:\Program Files\maven-repository\repository\org\apache\logging\log4j\log4j-api\2.17.2\log4j-api-2.17.2.jar;D:\Program Files\maven-repository\repository\org\slf4j\jul-to-slf4j\1.7.36\jul-to-slf4j-1.7.36.jar;D:\Program Files\maven-repository\repository\jakarta\annotation\jakarta.annotation-api\1.3.5\jakarta.annotation-api-1.3.5.jar;D:\Program Files\maven-repository\repository\org\yaml\snakeyaml\1.30\snakeyaml-1.30.jar;D:\Program Files\maven-repository\repository\org\springframework\boot\spring-boot-starter-json\2.7.5\spring-boot-starter-json-2.7.5.jar;D:\Program Files\maven-repository\repository\com\fasterxml\jackson\core\jackson-databind\2.13.4.2\jackson-databind-2.13.4.2.jar;D:\Program Files\maven-repository\repository\com\fasterxml\jackson\core\jackson-annotations\2.13.4\jackson-annotations-2.13.4.jar;D:\Program Files\maven-repository\repository\com\fasterxml\jackson\core\jackson-core\2.13.4\jackson-core-2.13.4.jar;D:\Program Files\maven-repository\repository\com\fasterxml\jackson\datatype\jackson-datatype-jdk8\2.13.4\jackson-datatype-jdk8-2.13.4.jar;D:\Program Files\maven-repository\repository\com\fasterxml\jackson\datatype\jackson-datatype-jsr310\2.13.4\jackson-datatype-jsr310-2.13.4.jar;D:\Program Files\maven-repository\repository\com\fasterxml\jackson\module\jackson-module-parameter-names\2.13.4\jackson-module-parameter-names-2.13.4.jar;D:\Program Files\maven-repository\repository\org\springframework\boot\spring-boot-starter-tomcat\2.7.5\spring-boot-starter-tomcat-2.7.5.jar;D:\Program Files\maven-repository\repository\org\apache\tomcat\embed\tomcat-embed-core\9.0.68\tomcat-embed-core-9.0.68.jar;D:\Program Files\maven-repository\repository\org\apache\tomcat\embed\tomcat-embed-el\9.0.68\tomcat-embed-el-9.0.68.jar;D:\Program Files\maven-repository\repository\org\apache\tomcat\embed\tomcat-embed-websocket\9.0.68\tomcat-embed-websocket-9.0.68.jar;D:\Program Files\maven-repository\repository\org\springframework\spring-web\5.3.23\spring-web-5.3.23.jar;D:\Program Files\maven-repository\repository\org\springframework\spring-beans\5.3.23\spring-beans-5.3.23.jar;D:\Program Files\maven-repository\repository\org\springframework\spring-webmvc\5.3.23\spring-webmvc-5.3.23.jar;D:\Program Files\maven-repository\repository\org\springframework\spring-aop\5.3.23\spring-aop-5.3.23.jar;D:\Program Files\maven-repository\repository\org\springframework\spring-context\5.3.23\spring-context-5.3.23.jar;D:\Program Files\maven-repository\repository\org\springframework\spring-expression\5.3.23\spring-expression-5.3.23.jar;D:\Program Files\maven-repository\repository\org\springframework\boot\spring-boot-devtools\2.7.5\spring-boot-devtools-2.7.5.jar;D:\Program Files\maven-repository\repository\org\springframework\boot\spring-boot\2.7.5\spring-boot-2.7.5.jar;D:\Program Files\maven-repository\repository\org\springframework\boot\spring-boot-autoconfigure\2.7.5\spring-boot-autoconfigure-2.7.5.jar;D:\Program Files\maven-repository\repository\org\springframework\boot\spring-boot-configuration-processor\2.7.5\spring-boot-configuration-processor-2.7.5.jar;D:\Program Files\maven-repository\repository\org\projectlombok\lombok\1.18.24\lombok-1.18.24.jar;D:\Program Files\maven-repository\repository\org\springframework\boot\spring-boot-starter-test\2.7.5\spring-boot-starter-test-2.7.5.jar;D:\Program Files\maven-repository\repository\org\springframework\boot\spring-boot-test\2.7.5\spring-boot-test-2.7.5.jar;D:\Program Files\maven-repository\repository\org\springframework\boot\spring-boot-test-autoconfigure\2.7.5\spring-boot-test-autoconfigure-2.7.5.jar;D:\Program Files\maven-repository\repository\com\jayway\jsonpath\json-path\2.7.0\json-path-2.7.0.jar;D:\Program Files\maven-repository\repository\net\minidev\json-smart\2.4.8\json-smart-2.4.8.jar;D:\Program Files\maven-repository\repository\net\minidev\accessors-smart\2.4.8\accessors-smart-2.4.8.jar;D:\Program Files\maven-repository\repository\org\ow2\asm\asm\9.1\asm-9.1.jar;D:\Program Files\maven-repository\repository\org\slf4j\slf4j-api\1.7.36\slf4j-api-1.7.36.jar;D:\Program Files\maven-repository\repository\jakarta\xml\bind\jakarta.xml.bind-api\2.3.3\jakarta.xml.bind-api-2.3.3.jar;D:\Program Files\maven-repository\repository\jakarta\activation\jakarta.activation-api\1.2.2\jakarta.activation-api-1.2.2.jar;D:\Program Files\maven-repository\repository\org\assertj\assertj-core\3.22.0\assertj-core-3.22.0.jar;D:\Program Files\maven-repository\repository\org\hamcrest\hamcrest\2.2\hamcrest-2.2.jar;D:\Program Files\maven-repository\repository\org\junit\jupiter\junit-jupiter\5.8.2\junit-jupiter-5.8.2.jar;D:\Program Files\maven-repository\repository\org\junit\jupiter\junit-jupiter-api\5.8.2\junit-jupiter-api-5.8.2.jar;D:\Program Files\maven-repository\repository\org\opentest4j\opentest4j\1.2.0\opentest4j-1.2.0.jar;D:\Program Files\maven-repository\repository\org\junit\platform\junit-platform-commons\1.8.2\junit-platform-commons-1.8.2.jar;D:\Program Files\maven-repository\repository\org\apiguardian\apiguardian-api\1.1.2\apiguardian-api-1.1.2.jar;D:\Program Files\maven-repository\repository\org\junit\jupiter\junit-jupiter-params\5.8.2\junit-jupiter-params-5.8.2.jar;D:\Program Files\maven-repository\repository\org\junit\jupiter\junit-jupiter-engine\5.8.2\junit-jupiter-engine-5.8.2.jar;D:\Program Files\maven-repository\repository\org\junit\platform\junit-platform-engine\1.8.2\junit-platform-engine-1.8.2.jar;D:\Program Files\maven-repository\repository\org\mockito\mockito-core\4.5.1\mockito-core-4.5.1.jar;D:\Program Files\maven-repository\repository\net\bytebuddy\byte-buddy\1.12.18\byte-buddy-1.12.18.jar;D:\Program Files\maven-repository\repository\net\bytebuddy\byte-buddy-agent\1.12.18\byte-buddy-agent-1.12.18.jar;D:\Program Files\maven-repository\repository\org\objenesis\objenesis\3.2\objenesis-3.2.jar;D:\Program Files\maven-repository\repository\org\mockito\mockito-junit-jupiter\4.5.1\mockito-junit-jupiter-4.5.1.jar;D:\Program Files\maven-repository\repository\org\skyscreamer\jsonassert\1.5.1\jsonassert-1.5.1.jar;D:\Program Files\maven-repository\repository\com\vaadin\external\google\android-json\0.0.20131108.vaadin1\android-json-0.0.20131108.vaadin1.jar;D:\Program Files\maven-repository\repository\org\springframework\spring-core\5.3.23\spring-core-5.3.23.jar;D:\Program Files\maven-repository\repository\org\springframework\spring-jcl\5.3.23\spring-jcl-5.3.23.jar;D:\Program Files\maven-repository\repository\org\springframework\spring-test\5.3.23\spring-test-5.3.23.jar;D:\Program Files\maven-repository\repository\org\xmlunit\xmlunit-core\2.9.0\xmlunit-core-2.9.0.jar;"/>
    <property name="java.vm.vendor" value="Oracle Corporation"/>
    <property name="sun.arch.data.model" value="64"/>
    <property name="user.variant" value=""/>
    <property name="java.vendor.url" value="http://java.oracle.com/"/>
    <property name="user.timezone" value="Asia/Shanghai"/>
    <property name="java.vm.specification.version" value="1.8"/>
    <property name="os.name" value="Windows 10"/>
    <property name="user.country" value="CN"/>
    <property name="sun.java.launcher" value="SUN_STANDARD"/>
    <property name="sun.boot.library.path" value="C:\Program Files\Java\jdk1.8.0_131\jre\bin"/>
    <property name="sun.java.command" value="C:\Users\Lenovo\AppData\Local\Temp\surefire2607228134219279428\surefirebooter4615415742550331022.jar C:\Users\Lenovo\AppData\Local\Temp\surefire2607228134219279428 2022-10-31T18-32-05_628-jvmRun1 surefire1688842640517391290tmp surefire_07042289138333959654tmp"/>
    <property name="surefire.test.class.path" value="D:\IDEA\workspace\springBoot\boot-05-web\target\test-classes;D:\IDEA\workspace\springBoot\boot-05-web\target\classes;D:\Program Files\maven-repository\repository\org\springframework\boot\spring-boot-starter-web\2.7.5\spring-boot-starter-web-2.7.5.jar;D:\Program Files\maven-repository\repository\org\springframework\boot\spring-boot-starter\2.7.5\spring-boot-starter-2.7.5.jar;D:\Program Files\maven-repository\repository\org\springframework\boot\spring-boot-starter-logging\2.7.5\spring-boot-starter-logging-2.7.5.jar;D:\Program Files\maven-repository\repository\ch\qos\logback\logback-classic\1.2.11\logback-classic-1.2.11.jar;D:\Program Files\maven-repository\repository\ch\qos\logback\logback-core\1.2.11\logback-core-1.2.11.jar;D:\Program Files\maven-repository\repository\org\apache\logging\log4j\log4j-to-slf4j\2.17.2\log4j-to-slf4j-2.17.2.jar;D:\Program Files\maven-repository\repository\org\apache\logging\log4j\log4j-api\2.17.2\log4j-api-2.17.2.jar;D:\Program Files\maven-repository\repository\org\slf4j\jul-to-slf4j\1.7.36\jul-to-slf4j-1.7.36.jar;D:\Program Files\maven-repository\repository\jakarta\annotation\jakarta.annotation-api\1.3.5\jakarta.annotation-api-1.3.5.jar;D:\Program Files\maven-repository\repository\org\yaml\snakeyaml\1.30\snakeyaml-1.30.jar;D:\Program Files\maven-repository\repository\org\springframework\boot\spring-boot-starter-json\2.7.5\spring-boot-starter-json-2.7.5.jar;D:\Program Files\maven-repository\repository\com\fasterxml\jackson\core\jackson-databind\2.13.4.2\jackson-databind-2.13.4.2.jar;D:\Program Files\maven-repository\repository\com\fasterxml\jackson\core\jackson-annotations\2.13.4\jackson-annotations-2.13.4.jar;D:\Program Files\maven-repository\repository\com\fasterxml\jackson\core\jackson-core\2.13.4\jackson-core-2.13.4.jar;D:\Program Files\maven-repository\repository\com\fasterxml\jackson\datatype\jackson-datatype-jdk8\2.13.4\jackson-datatype-jdk8-2.13.4.jar;D:\Program Files\maven-repository\repository\com\fasterxml\jackson\datatype\jackson-datatype-jsr310\2.13.4\jackson-datatype-jsr310-2.13.4.jar;D:\Program Files\maven-repository\repository\com\fasterxml\jackson\module\jackson-module-parameter-names\2.13.4\jackson-module-parameter-names-2.13.4.jar;D:\Program Files\maven-repository\repository\org\springframework\boot\spring-boot-starter-tomcat\2.7.5\spring-boot-starter-tomcat-2.7.5.jar;D:\Program Files\maven-repository\repository\org\apache\tomcat\embed\tomcat-embed-core\9.0.68\tomcat-embed-core-9.0.68.jar;D:\Program Files\maven-repository\repository\org\apache\tomcat\embed\tomcat-embed-el\9.0.68\tomcat-embed-el-9.0.68.jar;D:\Program Files\maven-repository\repository\org\apache\tomcat\embed\tomcat-embed-websocket\9.0.68\tomcat-embed-websocket-9.0.68.jar;D:\Program Files\maven-repository\repository\org\springframework\spring-web\5.3.23\spring-web-5.3.23.jar;D:\Program Files\maven-repository\repository\org\springframework\spring-beans\5.3.23\spring-beans-5.3.23.jar;D:\Program Files\maven-repository\repository\org\springframework\spring-webmvc\5.3.23\spring-webmvc-5.3.23.jar;D:\Program Files\maven-repository\repository\org\springframework\spring-aop\5.3.23\spring-aop-5.3.23.jar;D:\Program Files\maven-repository\repository\org\springframework\spring-context\5.3.23\spring-context-5.3.23.jar;D:\Program Files\maven-repository\repository\org\springframework\spring-expression\5.3.23\spring-expression-5.3.23.jar;D:\Program Files\maven-repository\repository\org\springframework\boot\spring-boot-devtools\2.7.5\spring-boot-devtools-2.7.5.jar;D:\Program Files\maven-repository\repository\org\springframework\boot\spring-boot\2.7.5\spring-boot-2.7.5.jar;D:\Program Files\maven-repository\repository\org\springframework\boot\spring-boot-autoconfigure\2.7.5\spring-boot-autoconfigure-2.7.5.jar;D:\Program Files\maven-repository\repository\org\springframework\boot\spring-boot-configuration-processor\2.7.5\spring-boot-configuration-processor-2.7.5.jar;D:\Program Files\maven-repository\repository\org\projectlombok\lombok\1.18.24\lombok-1.18.24.jar;D:\Program Files\maven-repository\repository\org\springframework\boot\spring-boot-starter-test\2.7.5\spring-boot-starter-test-2.7.5.jar;D:\Program Files\maven-repository\repository\org\springframework\boot\spring-boot-test\2.7.5\spring-boot-test-2.7.5.jar;D:\Program Files\maven-repository\repository\org\springframework\boot\spring-boot-test-autoconfigure\2.7.5\spring-boot-test-autoconfigure-2.7.5.jar;D:\Program Files\maven-repository\repository\com\jayway\jsonpath\json-path\2.7.0\json-path-2.7.0.jar;D:\Program Files\maven-repository\repository\net\minidev\json-smart\2.4.8\json-smart-2.4.8.jar;D:\Program Files\maven-repository\repository\net\minidev\accessors-smart\2.4.8\accessors-smart-2.4.8.jar;D:\Program Files\maven-repository\repository\org\ow2\asm\asm\9.1\asm-9.1.jar;D:\Program Files\maven-repository\repository\org\slf4j\slf4j-api\1.7.36\slf4j-api-1.7.36.jar;D:\Program Files\maven-repository\repository\jakarta\xml\bind\jakarta.xml.bind-api\2.3.3\jakarta.xml.bind-api-2.3.3.jar;D:\Program Files\maven-repository\repository\jakarta\activation\jakarta.activation-api\1.2.2\jakarta.activation-api-1.2.2.jar;D:\Program Files\maven-repository\repository\org\assertj\assertj-core\3.22.0\assertj-core-3.22.0.jar;D:\Program Files\maven-repository\repository\org\hamcrest\hamcrest\2.2\hamcrest-2.2.jar;D:\Program Files\maven-repository\repository\org\junit\jupiter\junit-jupiter\5.8.2\junit-jupiter-5.8.2.jar;D:\Program Files\maven-repository\repository\org\junit\jupiter\junit-jupiter-api\5.8.2\junit-jupiter-api-5.8.2.jar;D:\Program Files\maven-repository\repository\org\opentest4j\opentest4j\1.2.0\opentest4j-1.2.0.jar;D:\Program Files\maven-repository\repository\org\junit\platform\junit-platform-commons\1.8.2\junit-platform-commons-1.8.2.jar;D:\Program Files\maven-repository\repository\org\apiguardian\apiguardian-api\1.1.2\apiguardian-api-1.1.2.jar;D:\Program Files\maven-repository\repository\org\junit\jupiter\junit-jupiter-params\5.8.2\junit-jupiter-params-5.8.2.jar;D:\Program Files\maven-repository\repository\org\junit\jupiter\junit-jupiter-engine\5.8.2\junit-jupiter-engine-5.8.2.jar;D:\Program Files\maven-repository\repository\org\junit\platform\junit-platform-engine\1.8.2\junit-platform-engine-1.8.2.jar;D:\Program Files\maven-repository\repository\org\mockito\mockito-core\4.5.1\mockito-core-4.5.1.jar;D:\Program Files\maven-repository\repository\net\bytebuddy\byte-buddy\1.12.18\byte-buddy-1.12.18.jar;D:\Program Files\maven-repository\repository\net\bytebuddy\byte-buddy-agent\1.12.18\byte-buddy-agent-1.12.18.jar;D:\Program Files\maven-repository\repository\org\objenesis\objenesis\3.2\objenesis-3.2.jar;D:\Program Files\maven-repository\repository\org\mockito\mockito-junit-jupiter\4.5.1\mockito-junit-jupiter-4.5.1.jar;D:\Program Files\maven-repository\repository\org\skyscreamer\jsonassert\1.5.1\jsonassert-1.5.1.jar;D:\Program Files\maven-repository\repository\com\vaadin\external\google\android-json\0.0.20131108.vaadin1\android-json-0.0.20131108.vaadin1.jar;D:\Program Files\maven-repository\repository\org\springframework\spring-core\5.3.23\spring-core-5.3.23.jar;D:\Program Files\maven-repository\repository\org\springframework\spring-jcl\5.3.23\spring-jcl-5.3.23.jar;D:\Program Files\maven-repository\repository\org\springframework\spring-test\5.3.23\spring-test-5.3.23.jar;D:\Program Files\maven-repository\repository\org\xmlunit\xmlunit-core\2.9.0\xmlunit-core-2.9.0.jar;"/>
    <property name="sun.cpu.endian" value="little"/>
    <property name="user.home" value="C:\Users\Lenovo"/>
    <property name="user.language" value="zh"/>
    <property name="java.specification.vendor" value="Oracle Corporation"/>
    <property name="java.home" value="C:\Program Files\Java\jdk1.8.0_131\jre"/>
    <property name="basedir" value="D:\IDEA\workspace\springBoot\boot-05-web"/>
    <property name="file.separator" value="\"/>
    <property name="line.separator" value="&#10;"/>
    <property name="java.vm.specification.vendor" value="Oracle Corporation"/>
    <property name="java.specification.name" value="Java Platform API Specification"/>
    <property name="java.awt.graphicsenv" value="sun.awt.Win32GraphicsEnvironment"/>
    <property name="surefire.real.class.path" value="C:\Users\Lenovo\AppData\Local\Temp\surefire2607228134219279428\surefirebooter4615415742550331022.jar"/>
    <property name="sun.boot.class.path" value="C:\Program Files\Java\jdk1.8.0_131\jre\lib\resources.jar;C:\Program Files\Java\jdk1.8.0_131\jre\lib\rt.jar;C:\Program Files\Java\jdk1.8.0_131\jre\lib\sunrsasign.jar;C:\Program Files\Java\jdk1.8.0_131\jre\lib\jsse.jar;C:\Program Files\Java\jdk1.8.0_131\jre\lib\jce.jar;C:\Program Files\Java\jdk1.8.0_131\jre\lib\charsets.jar;C:\Program Files\Java\jdk1.8.0_131\jre\lib\jfr.jar;C:\Program Files\Java\jdk1.8.0_131\jre\classes"/>
    <property name="user.script" value=""/>
    <property name="sun.management.compiler" value="HotSpot 64-Bit Tiered Compilers"/>
    <property name="java.runtime.version" value="1.8.0_131-b11"/>
    <property name="user.name" value="Lenovo"/>
    <property name="path.separator" value=";"/>
    <property name="os.version" value="10.0"/>
    <property name="java.endorsed.dirs" value="C:\Program Files\Java\jdk1.8.0_131\jre\lib\endorsed"/>
    <property name="java.runtime.name" value="Java(TM) SE Runtime Environment"/>
    <property name="file.encoding" value="GBK"/>
    <property name="java.vm.name" value="Java HotSpot(TM) 64-Bit Server VM"/>
    <property name="localRepository" value="D:\Program Files\maven-repository\repository"/>
    <property name="java.vendor.url.bug" value="http://bugreport.sun.com/bugreport/"/>
    <property name="java.io.tmpdir" value="C:\Users\Lenovo\AppData\Local\Temp\"/>
    <property name="idea.version" value="2021.2.3"/>
    <property name="java.version" value="1.8.0_131"/>
    <property name="user.dir" value="D:\IDEA\workspace\springBoot\boot-05-web"/>
    <property name="os.arch" value="amd64"/>
    <property name="java.vm.specification.name" value="Java Virtual Machine Specification"/>
    <property name="java.awt.printerjob" value="sun.awt.windows.WPrinterJob"/>
    <property name="sun.os.patch.level" value=""/>
    <property name="java.library.path" value="C:\Program Files\Java\jdk1.8.0_131\jre\bin;C:\Windows\Sun\Java\bin;C:\Windows\system32;C:\Windows;D:\Program Files (x86)\Tencent\QQ\Bin;C:\Program Files\Java\jdk1.8.0_131\bin;C:\Program Files\Java\jdk1.8.0_131\jre\bin;C:\ProgramData\Oracle\Java\javapath;C:\Program Files (x86)\Python38-32\Scripts\;C:\Program Files (x86)\Python38-32\;C:\Windows\system32;C:\Windows;C:\Windows\System32\Wbem;C:\Windows\System32\WindowsPowerShell\v1.0\;C:\Windows\System32\OpenSSH\;C:\Program Files (x86)\NVIDIA Corporation\PhysX\Common;C:\Program Files\NVIDIA Corporation\NVIDIA NvDLISR;D:\Program Files (x86)\Microsoft SQL Server\100\Tools\Binn\;D:\Program Files\Microsoft SQL Server\100\Tools\Binn\;D:\Program Files\Microsoft SQL Server\100\DTS\Binn\;D:\Program Files (x86)\Microsoft SQL Server\100\Tools\Binn\VSShell\Common7\IDE\;C:\Program Files (x86)\Microsoft Visual Studio 9.0\Common7\IDE\PrivateAssemblies\;D:\Program Files (x86)\Microsoft SQL Server\100\DTS\Binn\;C:\Program Files\Microsoft\Web Platform Installer\;C:\Program Files (x86)\Microsoft ASP.NET\ASP.NET Web Pages\v1.0\;C:\Program Files (x86)\Windows Kits\8.0\Windows Performance Toolkit\;C:\Program Files\Microsoft SQL Server\110\Tools\Binn\;D:\Program Files\maven\bin\;D:\Program Files\mysql-8.0.27-winx64\bin;D:\Program Files\Xshell\;D:\Program Files\Xftp\;C:\Program Files\Go\bin;D:\Program Files\Git\cmd;C:\Users\Lenovo\AppData\Local\Microsoft\WindowsApps;;C:\Program Files\JetBrains\PyCharm 2020.1\bin;;C:\Users\Lenovo\go\bin;D:\Program Files\JetBrains\GoLand 2022.1\bin;;."/>
    <property name="java.vm.info" value="mixed mode"/>
    <property name="java.vendor" value="Oracle Corporation"/>
    <property name="java.vm.version" value="25.131-b11"/>
    <property name="java.ext.dirs" value="C:\Program Files\Java\jdk1.8.0_131\jre\lib\ext;C:\Windows\Sun\Java\lib\ext"/>
    <property name="sun.io.unicode.encoding" value="UnicodeLittle"/>
    <property name="java.class.version" value="52.0"/>
  </properties>
  <testcase name="contextLoads" classname="com.he.boot.Boot05WebApplicationTests" time="0.413"/>
</testsuite>